00:33:47.774  869  DEBUG fr.sparna.rdf.xls2rdf.app.Convert - Will use output format : text/turtle
00:33:47.778  873  DEBUG fr.sparna.rdf.xls2rdf.app.Convert - Will use ModelWriter : fr.sparna.rdf.xls2rdf.OutputStreamModelWriter
00:33:48.954  2049 DEBUG f.s.rdf.xls2rdf.Xls2RdfConverter - Processing sheet: controlled-terminology
00:33:48.961  2056 INFO  f.sparna.rdf.xls2rdf.RdfizableSheet - Found proper property in header : http://www.fairdatacollective.com/template-vocabulary/
00:33:48.962  2057 INFO  f.sparna.rdf.xls2rdf.RdfizableSheet - Found proper property in header : http://purl.org/pav/
00:33:48.963  2058 INFO  f.sparna.rdf.xls2rdf.RdfizableSheet - Found proper property in header : http://purl.org/dc/terms/
00:33:48.965  2060 INFO  f.sparna.rdf.xls2rdf.RdfizableSheet - Found proper property in header : https://orcid.org/0000-0002-9381-9694
00:33:48.965  2060 INFO  f.sparna.rdf.xls2rdf.RdfizableSheet - Found proper property in header : https://orcid.org/0000-0001-6875-5360
00:33:48.967  2062 INFO  f.sparna.rdf.xls2rdf.RdfizableSheet - Found proper property in header : http://www.w3.org/2004/02/skos/core#prefLabel
00:33:48.969  2064 INFO  f.sparna.rdf.xls2rdf.RdfizableSheet - Found proper property in header : http://www.w3.org/2004/02/skos/core#altLabel
00:33:48.970  2065 INFO  f.sparna.rdf.xls2rdf.RdfizableSheet - Found proper property in header : http://www.w3.org/2004/02/skos/core#definition
00:33:48.970  2065 INFO  f.sparna.rdf.xls2rdf.RdfizableSheet - Found proper property in header : http://www.w3.org/2004/02/skos/core#broader
00:33:48.971  2066 INFO  f.sparna.rdf.xls2rdf.RdfizableSheet - Found proper property in header : http://www.w3.org/2004/02/skos/core#exactMatch
00:33:48.971  2066 INFO  f.sparna.rdf.xls2rdf.RdfizableSheet - Found proper property in header : http://purl.org/dc/terms/creator
00:33:48.972  2067 INFO  f.sparna.rdf.xls2rdf.RdfizableSheet - Found proper property in header : http://purl.org/dc/terms/contributor
00:33:48.972  2067 INFO  f.sparna.rdf.xls2rdf.RdfizableSheet - Found proper property in header : http://www.w3.org/2004/02/skos/core#editorialNote
00:33:48.972  2067 INFO  f.sparna.rdf.xls2rdf.RdfizableSheet - Found at least 2 headers with proper property declaration in the first 10 columns, title row is at index 19
00:33:48.972  2067 DEBUG f.s.rdf.xls2rdf.Xls2RdfConverter - Found title row at index 19
00:33:48.974  2069 DEBUG f.s.rdf.xls2rdf.Xls2RdfConverter - Adding value on header object "Template for building SKOS based controlled vocabulary" with lang en
00:33:48.977  2072 DEBUG f.s.rdf.xls2rdf.Xls2RdfConverter - Adding value on header object "Template for building SKOS based controlled vocabulary" with lang en
00:33:48.977  2072 DEBUG f.s.rdf.xls2rdf.Xls2RdfConverter - Adding value on header object "This is a template for building a SKOS-based controlled vocabulary. It is used as base of the worflow described in excel2rdf.readthedocs.io/" with lang en
00:33:48.978  2073 DEBUG f.s.rdf.xls2rdf.Xls2RdfConverter - Adding value on header object "https://orcid.org/0000-0002-9381-9694" with lang en
00:33:48.978  2073 DEBUG f.s.rdf.xls2rdf.Xls2RdfConverter - Adding value on header object "https://orcid.org/0000-0001-6875-5360" with lang en
00:33:48.978  2073 DEBUG f.s.rdf.xls2rdf.Xls2RdfConverter - Adding value on header object "2020-10-22T22:00:00+01:00" with lang en
00:33:48.978  2073 DEBUG f.s.rdf.xls2rdf.Xls2RdfConverter - Adding value on header object "2021-02-21T16:32:00-08:00" with lang en
00:33:48.979  2074 DEBUG f.s.rdf.xls2rdf.Xls2RdfConverter - Adding value on header object "0.1.2" with lang en
00:33:48.979  2074 ERROR f.s.rdf.xls2rdf.ColumnHeaderParser - Unsuccessfull parsing of header parameters for header 'Replace cells B1, B2 and C2, and B5 through B12; B11 and B12 should be updated with every modification). (As well as these comments, if desired.)', Exception is java.lang.ArrayIndexOutOfBoundsException : 1
00:33:48.979  2074 DEBUG f.s.rdf.xls2rdf.Xls2RdfConverter - Converting data with these column headers: 
00:33:48.979  2074 DEBUG f.s.rdf.xls2rdf.Xls2RdfConverter - ColumnHeader [originalValue=Identifier, language=Optional.empty, datatype=Optional.empty, property=null, declaredProperty=Identifier, inverse=false, parameters={}, id=null, reconcileOn=null, headerCell=Identifier]
00:33:48.981  2076 DEBUG f.s.rdf.xls2rdf.Xls2RdfConverter - ColumnHeader [originalValue=skos:prefLabel@en, language=Optional[en], datatype=Optional.empty, property=http://www.w3.org/2004/02/skos/core#prefLabel, declaredProperty=skos:prefLabel, inverse=false, parameters={}, id=null, reconcileOn=null, headerCell=skos:prefLabel@en]
00:33:48.982  2077 DEBUG f.s.rdf.xls2rdf.Xls2RdfConverter - ColumnHeader [originalValue=skos:altLabel(separator=","), language=Optional.empty, datatype=Optional.empty, property=http://www.w3.org/2004/02/skos/core#altLabel, declaredProperty=skos:altLabel, inverse=false, parameters={separator=,}, id=null, reconcileOn=null, headerCell=skos:altLabel(separator=",")]
00:33:48.982  2077 DEBUG f.s.rdf.xls2rdf.Xls2RdfConverter - ColumnHeader [originalValue=skos:definition@en, language=Optional[en], datatype=Optional.empty, property=http://www.w3.org/2004/02/skos/core#definition, declaredProperty=skos:definition, inverse=false, parameters={}, id=null, reconcileOn=null, headerCell=skos:definition@en]
00:33:48.982  2077 DEBUG f.s.rdf.xls2rdf.Xls2RdfConverter - ColumnHeader [originalValue=skos:broader(separator=","), language=Optional.empty, datatype=Optional.empty, property=http://www.w3.org/2004/02/skos/core#broader, declaredProperty=skos:broader, inverse=false, parameters={separator=,}, id=null, reconcileOn=null, headerCell=skos:broader(separator=",")]
00:33:48.982  2077 DEBUG f.s.rdf.xls2rdf.Xls2RdfConverter - ColumnHeader [originalValue=skos:exactMatch(separator=","), language=Optional.empty, datatype=Optional.empty, property=http://www.w3.org/2004/02/skos/core#exactMatch, declaredProperty=skos:exactMatch, inverse=false, parameters={separator=,}, id=null, reconcileOn=null, headerCell=skos:exactMatch(separator=",")]
00:33:48.982  2077 DEBUG f.s.rdf.xls2rdf.Xls2RdfConverter - ColumnHeader [originalValue=dct:creator(separator=","), language=Optional.empty, datatype=Optional.empty, property=http://purl.org/dc/terms/creator, declaredProperty=dct:creator, inverse=false, parameters={separator=,}, id=null, reconcileOn=null, headerCell=dct:creator(separator=",")]
00:33:48.982  2077 DEBUG f.s.rdf.xls2rdf.Xls2RdfConverter - ColumnHeader [originalValue=dct:contributor(separator=","), language=Optional.empty, datatype=Optional.empty, property=http://purl.org/dc/terms/contributor, declaredProperty=dct:contributor, inverse=false, parameters={separator=,}, id=null, reconcileOn=null, headerCell=dct:contributor(separator=",")]
00:33:48.982  2077 DEBUG f.s.rdf.xls2rdf.Xls2RdfConverter - ColumnHeader [originalValue=skos:editorialNote@en, language=Optional[en], datatype=Optional.empty, property=http://www.w3.org/2004/02/skos/core#editorialNote, declaredProperty=skos:editorialNote, inverse=false, parameters={}, id=null, reconcileOn=null, headerCell=skos:editorialNote@en]
00:33:48.982  2077 INFO  f.s.rdf.xls2rdf.Xls2RdfConverter - Converting rows...
00:33:48.996  2091 INFO  f.s.rdf.xls2rdf.Xls2RdfConverter - Applying SKOS post-processings on the result
00:33:48.996  2091 DEBUG f.s.rdf.xls2rdf.SkosPostProcessor - Postprocessing : SkosPostProcessor
00:33:48.997  2092 DEBUG f.s.rdf.xls2rdf.SkosPostProcessor - Considering main resource like a ConceptScheme.
00:33:49.000  2095 DEBUG f.s.rdf.xls2rdf.SkosPostProcessor - Adding inverse skos:broader and skos:narrower
00:33:49.003  2098 DEBUG f.s.rdf.xls2rdf.SkosPostProcessor - Adding skos:inScheme
00:33:49.009  2104 DEBUG f.s.rdf.xls2rdf.SkosPostProcessor - Setting rdf:type skos:ConceptScheme to main resource
00:33:49.010  2105 DEBUG f.s.rdf.xls2rdf.SkosPostProcessor - Adding skos:hasTopConcept / skos:topConceptOf
00:33:49.013  2108 DEBUG f.s.rdf.xls2rdf.Xls2RdfConverter - Saving graph of 55 statements generated from Sheet controlled-terminology
